2020-09-27 01:00:18,638 - Initializing Velocity, Calling init()...
2020-09-27 01:00:18,638 - Starting Apache Velocity v1.7 (compiled: 2010-11-19 12:14:37)
2020-09-27 01:00:18,638 - Default Properties File: org\apache\velocity\runtime\defaults\velocity.properties
2020-09-27 01:00:18,638 - Trying to use logger class org.apache.velocity.runtime.log.AvalonLogChute
2020-09-27 01:00:18,639 - Target log system for org.apache.velocity.runtime.log.AvalonLogChute is not available (java.lang.NoClassDefFoundError: org/apache/log/format/Formatter).  Falling back to next log system...
2020-09-27 01:00:18,639 - Trying to use logger class org.apache.velocity.runtime.log.Log4JLogChute
2020-09-27 01:00:18,639 - Using logger class org.apache.velocity.runtime.log.Log4JLogChute
2020-09-27 01:00:18,641 - ResourceLoader instantiated: org.apache.velocity.runtime.resource.loader.ClasspathResourceLoader
2020-09-27 01:00:18,647 - ResourceCache: initialized (class org.apache.velocity.runtime.resource.ResourceCacheImpl) with class java.util.Collections$SynchronizedMap cache map.
2020-09-27 01:00:18,648 - Loaded System Directive: org.apache.velocity.runtime.directive.Stop
2020-09-27 01:00:18,649 - Loaded System Directive: org.apache.velocity.runtime.directive.Define
2020-09-27 01:00:18,650 - Loaded System Directive: org.apache.velocity.runtime.directive.Break
2020-09-27 01:00:18,650 - Loaded System Directive: org.apache.velocity.runtime.directive.Evaluate
2020-09-27 01:00:18,650 - Loaded System Directive: org.apache.velocity.runtime.directive.Literal
2020-09-27 01:00:18,651 - Loaded System Directive: org.apache.velocity.runtime.directive.Macro
2020-09-27 01:00:18,651 - Loaded System Directive: org.apache.velocity.runtime.directive.Parse
2020-09-27 01:00:18,652 - Loaded System Directive: org.apache.velocity.runtime.directive.Include
2020-09-27 01:00:18,653 - Loaded System Directive: org.apache.velocity.runtime.directive.Foreach
2020-09-27 01:00:18,669 - Created '20' parsers.
2020-09-27 01:00:18,672 - Velocimacro : "velocimacro.library" is not set.  Trying default library: VM_global_library.vm
2020-09-27 01:00:18,672 - Could not load resource 'VM_global_library.vm' from ResourceLoader org.apache.velocity.runtime.resource.loader.ClasspathResourceLoader: ClasspathResourceLoader Error: cannot find resource VM_global_library.vm
2020-09-27 01:00:18,672 - Velocimacro : Default library not found.
2020-09-27 01:00:18,672 - Velocimacro : allowInline = true : VMs can be defined inline in templates
2020-09-27 01:00:18,672 - Velocimacro : allowInlineToOverride = false : VMs defined inline may NOT replace previous VM definitions
2020-09-27 01:00:18,672 - Velocimacro : allowInlineLocal = false : VMs defined inline will be global in scope if allowed.
2020-09-27 01:00:18,672 - Velocimacro : autoload off : VM system will not automatically reload global library macros
2020-09-27 01:00:18,680 - ResourceManager : found velocity/clientes/vistaPreviaDeClientesCargados.vm with loader org.apache.velocity.runtime.resource.loader.ClasspathResourceLoader
2020-09-27 01:00:18,683 - Velocimacro : added VM mainLayout: source=/velocity/barraDeNavegacion.vm
2020-09-27 01:00:18,683 - ResourceManager : found /velocity/barraDeNavegacion.vm with loader org.apache.velocity.runtime.resource.loader.ClasspathResourceLoader
2020-09-27 01:00:19,167 - Log4JLogChute initialized using file 'velocity.log'
2020-09-27 01:00:19,167 - Initializing Velocity, Calling init()...
2020-09-27 01:00:19,167 - Starting Apache Velocity v1.7 (compiled: 2010-11-19 12:14:37)
2020-09-27 01:00:19,168 - Default Properties File: org\apache\velocity\runtime\defaults\velocity.properties
2020-09-27 01:00:19,168 - Trying to use logger class org.apache.velocity.runtime.log.AvalonLogChute
2020-09-27 01:00:19,168 - Target log system for org.apache.velocity.runtime.log.AvalonLogChute is not available (java.lang.NoClassDefFoundError: org/apache/log/format/Formatter).  Falling back to next log system...
2020-09-27 01:00:19,168 - Trying to use logger class org.apache.velocity.runtime.log.Log4JLogChute
2020-09-27 01:00:19,168 - Using logger class org.apache.velocity.runtime.log.Log4JLogChute
2020-09-27 01:00:19,168 - ResourceLoader instantiated: org.apache.velocity.runtime.resource.loader.ClasspathResourceLoader
2020-09-27 01:00:19,168 - ResourceCache: initialized (class org.apache.velocity.runtime.resource.ResourceCacheImpl) with class java.util.Collections$SynchronizedMap cache map.
2020-09-27 01:00:19,168 - Loaded System Directive: org.apache.velocity.runtime.directive.Stop
2020-09-27 01:00:19,168 - Loaded System Directive: org.apache.velocity.runtime.directive.Define
2020-09-27 01:00:19,168 - Loaded System Directive: org.apache.velocity.runtime.directive.Break
2020-09-27 01:00:19,168 - Loaded System Directive: org.apache.velocity.runtime.directive.Evaluate
2020-09-27 01:00:19,168 - Loaded System Directive: org.apache.velocity.runtime.directive.Literal
2020-09-27 01:00:19,169 - Loaded System Directive: org.apache.velocity.runtime.directive.Macro
2020-09-27 01:00:19,169 - Loaded System Directive: org.apache.velocity.runtime.directive.Parse
2020-09-27 01:00:19,169 - Loaded System Directive: org.apache.velocity.runtime.directive.Include
2020-09-27 01:00:19,169 - Loaded System Directive: org.apache.velocity.runtime.directive.Foreach
2020-09-27 01:00:19,169 - Created '20' parsers.
2020-09-27 01:00:19,169 - Velocimacro : "velocimacro.library" is not set.  Trying default library: VM_global_library.vm
2020-09-27 01:00:19,169 - Could not load resource 'VM_global_library.vm' from ResourceLoader org.apache.velocity.runtime.resource.loader.ClasspathResourceLoader: ClasspathResourceLoader Error: cannot find resource VM_global_library.vm
2020-09-27 01:00:19,169 - Velocimacro : Default library not found.
2020-09-27 01:00:19,169 - Velocimacro : allowInline = true : VMs can be defined inline in templates
2020-09-27 01:00:19,169 - Velocimacro : allowInlineToOverride = false : VMs defined inline may NOT replace previous VM definitions
2020-09-27 01:00:19,169 - Velocimacro : allowInlineLocal = false : VMs defined inline will be global in scope if allowed.
2020-09-27 01:00:19,170 - Velocimacro : autoload off : VM system will not automatically reload global library macros
2020-09-27 01:00:19,171 - ResourceManager : found velocity/clientes/vistaPreviaDeClientesCargados.vm with loader org.apache.velocity.runtime.resource.loader.ClasspathResourceLoader
2020-09-27 01:00:19,171 - Velocimacro : added VM mainLayout: source=/velocity/barraDeNavegacion.vm
2020-09-27 01:00:19,172 - ResourceManager : found /velocity/barraDeNavegacion.vm with loader org.apache.velocity.runtime.resource.loader.ClasspathResourceLoader
2020-09-27 01:00:41,628 - Log4JLogChute initialized using file 'velocity.log'
2020-09-27 01:00:41,629 - Initializing Velocity, Calling init()...
2020-09-27 01:00:41,629 - Starting Apache Velocity v1.7 (compiled: 2010-11-19 12:14:37)
2020-09-27 01:00:41,630 - Default Properties File: org\apache\velocity\runtime\defaults\velocity.properties
2020-09-27 01:00:41,630 - Trying to use logger class org.apache.velocity.runtime.log.AvalonLogChute
2020-09-27 01:00:41,630 - Target log system for org.apache.velocity.runtime.log.AvalonLogChute is not available (java.lang.NoClassDefFoundError: org/apache/log/format/Formatter).  Falling back to next log system...
2020-09-27 01:00:41,630 - Trying to use logger class org.apache.velocity.runtime.log.Log4JLogChute
2020-09-27 01:00:41,630 - Using logger class org.apache.velocity.runtime.log.Log4JLogChute
2020-09-27 01:00:41,630 - ResourceLoader instantiated: org.apache.velocity.runtime.resource.loader.ClasspathResourceLoader
2020-09-27 01:00:41,630 - ResourceCache: initialized (class org.apache.velocity.runtime.resource.ResourceCacheImpl) with class java.util.Collections$SynchronizedMap cache map.
2020-09-27 01:00:41,631 - Loaded System Directive: org.apache.velocity.runtime.directive.Stop
2020-09-27 01:00:41,631 - Loaded System Directive: org.apache.velocity.runtime.directive.Define
2020-09-27 01:00:41,631 - Loaded System Directive: org.apache.velocity.runtime.directive.Break
2020-09-27 01:00:41,631 - Loaded System Directive: org.apache.velocity.runtime.directive.Evaluate
2020-09-27 01:00:41,631 - Loaded System Directive: org.apache.velocity.runtime.directive.Literal
2020-09-27 01:00:41,631 - Loaded System Directive: org.apache.velocity.runtime.directive.Macro
2020-09-27 01:00:41,631 - Loaded System Directive: org.apache.velocity.runtime.directive.Parse
2020-09-27 01:00:41,631 - Loaded System Directive: org.apache.velocity.runtime.directive.Include
2020-09-27 01:00:41,631 - Loaded System Directive: org.apache.velocity.runtime.directive.Foreach
2020-09-27 01:00:41,632 - Created '20' parsers.
2020-09-27 01:00:41,632 - Velocimacro : "velocimacro.library" is not set.  Trying default library: VM_global_library.vm
2020-09-27 01:00:41,632 - Could not load resource 'VM_global_library.vm' from ResourceLoader org.apache.velocity.runtime.resource.loader.ClasspathResourceLoader: ClasspathResourceLoader Error: cannot find resource VM_global_library.vm
2020-09-27 01:00:41,632 - Velocimacro : Default library not found.
2020-09-27 01:00:41,633 - Velocimacro : allowInline = true : VMs can be defined inline in templates
2020-09-27 01:00:41,633 - Velocimacro : allowInlineToOverride = false : VMs defined inline may NOT replace previous VM definitions
2020-09-27 01:00:41,633 - Velocimacro : allowInlineLocal = false : VMs defined inline will be global in scope if allowed.
2020-09-27 01:00:41,633 - Velocimacro : autoload off : VM system will not automatically reload global library macros
2020-09-27 01:00:41,634 - ResourceManager : found velocity/clientes/vistaPreviaDeClientesCargados.vm with loader org.apache.velocity.runtime.resource.loader.ClasspathResourceLoader
2020-09-27 01:00:41,635 - Velocimacro : added VM mainLayout: source=/velocity/barraDeNavegacion.vm
2020-09-27 01:00:41,635 - ResourceManager : found /velocity/barraDeNavegacion.vm with loader org.apache.velocity.runtime.resource.loader.ClasspathResourceLoader
2020-09-27 01:01:31,782 - Log4JLogChute initialized using file 'velocity.log'
2020-09-27 01:01:31,783 - Initializing Velocity, Calling init()...
2020-09-27 01:01:31,783 - Starting Apache Velocity v1.7 (compiled: 2010-11-19 12:14:37)
2020-09-27 01:01:31,783 - Default Properties File: org\apache\velocity\runtime\defaults\velocity.properties
2020-09-27 01:01:31,783 - Trying to use logger class org.apache.velocity.runtime.log.AvalonLogChute
2020-09-27 01:01:31,783 - Target log system for org.apache.velocity.runtime.log.AvalonLogChute is not available (java.lang.NoClassDefFoundError: org/apache/log/format/Formatter).  Falling back to next log system...
2020-09-27 01:01:31,783 - Trying to use logger class org.apache.velocity.runtime.log.Log4JLogChute
2020-09-27 01:01:31,783 - Using logger class org.apache.velocity.runtime.log.Log4JLogChute
2020-09-27 01:01:31,783 - ResourceLoader instantiated: org.apache.velocity.runtime.resource.loader.ClasspathResourceLoader
2020-09-27 01:01:31,783 - ResourceCache: initialized (class org.apache.velocity.runtime.resource.ResourceCacheImpl) with class java.util.Collections$SynchronizedMap cache map.
2020-09-27 01:01:31,784 - Loaded System Directive: org.apache.velocity.runtime.directive.Stop
2020-09-27 01:01:31,784 - Loaded System Directive: org.apache.velocity.runtime.directive.Define
2020-09-27 01:01:31,784 - Loaded System Directive: org.apache.velocity.runtime.directive.Break
2020-09-27 01:01:31,784 - Loaded System Directive: org.apache.velocity.runtime.directive.Evaluate
2020-09-27 01:01:31,784 - Loaded System Directive: org.apache.velocity.runtime.directive.Literal
2020-09-27 01:01:31,784 - Loaded System Directive: org.apache.velocity.runtime.directive.Macro
2020-09-27 01:01:31,784 - Loaded System Directive: org.apache.velocity.runtime.directive.Parse
2020-09-27 01:01:31,784 - Loaded System Directive: org.apache.velocity.runtime.directive.Include
2020-09-27 01:01:31,784 - Loaded System Directive: org.apache.velocity.runtime.directive.Foreach
2020-09-27 01:01:31,785 - Created '20' parsers.
2020-09-27 01:01:31,785 - Velocimacro : "velocimacro.library" is not set.  Trying default library: VM_global_library.vm
2020-09-27 01:01:31,785 - Could not load resource 'VM_global_library.vm' from ResourceLoader org.apache.velocity.runtime.resource.loader.ClasspathResourceLoader: ClasspathResourceLoader Error: cannot find resource VM_global_library.vm
2020-09-27 01:01:31,785 - Velocimacro : Default library not found.
2020-09-27 01:01:31,785 - Velocimacro : allowInline = true : VMs can be defined inline in templates
2020-09-27 01:01:31,785 - Velocimacro : allowInlineToOverride = false : VMs defined inline may NOT replace previous VM definitions
2020-09-27 01:01:31,785 - Velocimacro : allowInlineLocal = false : VMs defined inline will be global in scope if allowed.
2020-09-27 01:01:31,785 - Velocimacro : autoload off : VM system will not automatically reload global library macros
2020-09-27 01:01:31,786 - ResourceManager : found velocity/clientes/vistaPreviaDeClientesCargados.vm with loader org.apache.velocity.runtime.resource.loader.ClasspathResourceLoader
2020-09-27 01:01:31,787 - Velocimacro : added VM mainLayout: source=/velocity/barraDeNavegacion.vm
2020-09-27 01:01:31,787 - ResourceManager : found /velocity/barraDeNavegacion.vm with loader org.apache.velocity.runtime.resource.loader.ClasspathResourceLoader
ader org.apache.velocity.runtime.resource.loader.ClasspathResourceLoader
2020-09-27 01:00:41,635 - ResourceManager : found /velocity/barraDeNavegacion.vm with loader org.apache.velocity.runtime.resource.loader.ClasspathResourceLoader
2020-09-27 01:01:31,782 - Log4JLogChute initialized using file 'velocity.log'
2020-09-27 01:01:31,782 - Log4JLogChute initialized using file 'velocity.log'
2020-09-27 01:01:31,782 - Log4JLogChute initialized using file 'velocity.log'
2020-09-27 01:01:31,783 - Initializing Velocity, Calling init()...
2020-09-27 01:01:31,783 - Initializing Velocity, Calling init()...
2020-09-27 01:01:31,783 - Initializing Velocity, Calling init()...
2020-09-27 01:01:31,783 - Starting Apache Velocity v1.7 (compiled: 2010-11-19 12:14:37)
2020-09-27 01:01:31,783 - Starting Apache Velocity v1.7 (compiled: 2010-11-19 12:14:37)
2020-09-27 01:01:31,783 - Starting Apache Velocity v1.7 (compiled: 2010-11-19 12:14:37)
2020-09-27 01:01:31,783 - Default Properties File: org\apache\velocity\runtime\defaults\velocity.properties
2020-09-27 01:01:31,783 - Default Properties File: org\apache\velocity\runtime\defaults\velocity.properties
2020-09-27 01:01:31,783 - Default Properties File: org\apache\velocity\runtime\defaults\velocity.properties
2020-09-27 01:01:31,783 - Trying to use logger class org.apache.velocity.runtime.log.AvalonLogChute
2020-09-27 01:01:31,783 - Trying to use logger class org.apache.velocity.runtime.log.AvalonLogChute
2020-09-27 01:01:31,783 - Trying to use logger class org.apache.velocity.runtime.log.AvalonLogChute
2020-09-27 01:01:31,783 - Target log system for org.apache.velocity.runtime.log.AvalonLogChute is not available (java.lang.NoClassDefFoundError: org/apache/log/format/Formatter).  Falling back to next log system...
2020-09-27 01:01:31,783 - Target log system for org.apache.velocity.runtime.log.AvalonLogChute is not available (java.lang.NoClassDefFoundError: org/apache/log/format/Formatter).  Falling back to next log system...
2020-09-27 01:01:31,783 - Target log system for org.apache.velocity.runtime.log.AvalonLogChute is not available (java.lang.NoClassDefFoundError: org/apache/log/format/Formatter).  Falling back to next log system...
2020-09-27 01:01:31,783 - Trying to use logger class org.apache.velocity.runtime.log.Log4JLogChute
2020-09-27 01:01:31,783 - Trying to use logger class org.apache.velocity.runtime.log.Log4JLogChute
2020-09-27 01:01:31,783 - Trying to use logger class org.apache.velocity.runtime.log.Log4JLogChute
2020-09-27 01:01:31,783 - Using logger class org.apache.velocity.runtime.log.Log4JLogChute
2020-09-27 01:01:31,783 - Using logger class org.apache.velocity.runtime.log.Log4JLogChute
2020-09-27 01:01:31,783 - Using logger class org.apache.velocity.runtime.log.Log4JLogChute
2020-09-27 01:01:31,783 - ResourceLoader instantiated: org.apache.velocity.runtime.resource.loader.ClasspathResourceLoader
2020-09-27 01:01:31,783 - ResourceLoader instantiated: org.apache.velocity.runtime.resource.loader.ClasspathResourceLoader
2020-09-27 01:01:31,783 - ResourceLoader instantiated: org.apache.velocity.runtime.resource.loader.ClasspathResourceLoader
2020-09-27 01:01:31,783 - ResourceCache: initialized (class org.apache.velocity.runtime.resource.ResourceCacheImpl) with class java.util.Collections$SynchronizedMap cache map.
2020-09-27 01:01:31,783 - ResourceCache: initialized (class org.apache.velocity.runtime.resource.ResourceCacheImpl) with class java.util.Collections$SynchronizedMap cache map.
2020-09-27 01:01:31,783 - ResourceCache: initialized (class org.apache.velocity.runtime.resource.ResourceCacheImpl) with class java.util.Collections$SynchronizedMap cache map.
2020-09-27 01:01:31,784 - Loaded System Directive: org.apache.velocity.runtime.directive.Stop
2020-09-27 01:01:31,784 - Loaded System Directive: org.apache.velocity.runtime.directive.Stop
2020-09-27 01:01:31,784 - Loaded System Directive: org.apache.velocity.runtime.directive.Stop
2020-09-27 01:01:31,784 - Loaded System Directive: org.apache.velocity.runtime.directive.Define
2020-09-27 01:01:31,784 - Loaded System Directive: org.apache.velocity.runtime.directive.Define
2020-09-27 01:01:31,784 - Loaded System Directive: org.apache.velocity.runtime.directive.Define
2020-09-27 01:01:31,784 - Loaded System Directive: org.apache.velocity.runtime.directive.Break
2020-09-27 01:01:31,784 - Loaded System Directive: org.apache.velocity.runtime.directive.Break
2020-09-27 01:01:31,784 - Loaded System Directive: org.apache.velocity.runtime.directive.Break
2020-09-27 01:01:31,784 - Loaded System Directive: org.apache.velocity.runtime.directive.Evaluate
2020-09-27 01:01:31,784 - Loaded System Directive: org.apache.velocity.runtime.directive.Evaluate
2020-09-27 01:01:31,784 - Loaded System Directive: org.apache.velocity.runtime.directive.Evaluate
2020-09-27 01:01:31,784 - Loaded System Directive: org.apache.velocity.runtime.directive.Literal
2020-09-27 01:01:31,784 - Loaded System Directive: org.apache.velocity.runtime.directive.Literal
2020-09-27 01:01:31,784 - Loaded System Directive: org.apache.velocity.runtime.directive.Literal
2020-09-27 01:01:31,784 - Loaded System Directive: org.apache.velocity.runtime.directive.Macro
2020-09-27 01:01:31,784 - Loaded System Directive: org.apache.velocity.runtime.directive.Macro
2020-09-27 01:01:31,784 - Loaded System Directive: org.apache.velocity.runtime.directive.Macro
2020-09-27 01:01:31,784 - Loaded System Directive: org.apache.velocity.runtime.directive.Parse
2020-09-27 01:01:31,784 - Loaded System Directive: org.apache.velocity.runtime.directive.Parse
2020-09-27 01:01:31,784 - Loaded System Directive: org.apache.velocity.runtime.directive.Parse
2020-09-27 01:01:31,784 - Loaded System Directive: org.apache.velocity.runtime.directive.Include
2020-09-27 01:01:31,784 - Loaded System Directive: org.apache.velocity.runtime.directive.Include
2020-09-27 01:01:31,784 - Loaded System Directive: org.apache.velocity.runtime.directive.Include
2020-09-27 01:01:31,784 - Loaded System Directive: org.apache.velocity.runtime.directive.Foreach
2020-09-27 01:01:31,784 - Loaded System Directive: org.apache.velocity.runtime.directive.Foreach
2020-09-27 01:01:31,784 - Loaded System Directive: org.apache.velocity.runtime.directive.Foreach
2020-09-27 01:01:31,785 - Created '20' parsers.
2020-09-27 01:01:31,785 - Created '20' parsers.
2020-09-27 01:01:31,785 - Created '20' parsers.
2020-09-27 01:01:31,785 - Velocimacro : "velocimacro.library" is not set.  Trying default library: VM_global_library.vm
2020-09-27 01:01:31,785 - Velocimacro : "velocimacro.library" is not set.  Trying default library: VM_global_library.vm
2020-09-27 01:01:31,785 - Velocimacro : "velocimacro.library" is not set.  Trying default library: VM_global_library.vm
2020-09-27 01:01:31,785 - Could not load resource 'VM_global_library.vm' from ResourceLoader org.apache.velocity.runtime.resource.loader.ClasspathResourceLoader: ClasspathResourceLoader Error: cannot find resource VM_global_library.vm
2020-09-27 01:01:31,785 - Could not load resource 'VM_global_library.vm' from ResourceLoader org.apache.velocity.runtime.resource.loader.ClasspathResourceLoader: ClasspathResourceLoader Error: cannot find resource VM_global_library.vm
2020-09-27 01:01:31,785 - Could not load resource 'VM_global_library.vm' from ResourceLoader org.apache.velocity.runtime.resource.loader.ClasspathResourceLoader: ClasspathResourceLoader Error: cannot find resource VM_global_library.vm
2020-09-27 01:01:31,785 - Velocimacro : Default library not found.
2020-09-27 01:01:31,785 - Velocimacro : Default library not found.
2020-09-27 01:01:31,785 - Velocimacro : Default library not found.
2020-09-27 01:01:31,785 - Velocimacro : allowInline = true : VMs can be defined inline in templates
2020-09-27 01:01:31,785 - Velocimacro : allowInline = true : VMs can be defined inline in templates
2020-09-27 01:01:31,785 - Velocimacro : allowInline = true : VMs can be defined inline in templates
2020-09-27 01:01:31,785 - Velocimacro : allowInlineToOverride = false : VMs defined inline may NOT replace previous VM definitions
2020-09-27 01:01:31,785 - Velocimacro : allowInlineToOverride = false : VMs defined inline may NOT replace previous VM definitions
2020-09-27 01:01:31,785 - Velocimacro : allowInlineToOverride = false : VMs defined inline may NOT replace previous VM definitions
2020-09-27 01:01:31,785 - Velocimacro : allowInlineLocal = false : VMs defined inline will be global in scope if allowed.
2020-09-27 01:01:31,785 - Velocimacro : allowInlineLocal = false : VMs defined inline will be global in scope if allowed.
2020-09-27 01:01:31,785 - Velocimacro : allowInlineLocal = false : VMs defined inline will be global in scope if allowed.
2020-09-27 01:01:31,785 - Velocimacro : autoload off : VM system will not automatically reload global library macros
2020-09-27 01:01:31,785 - Velocimacro : autoload off : VM system will not automatically reload global library macros
2020-09-27 01:01:31,785 - Velocimacro : autoload off : VM system will not automatically reload global library macros
2020-09-27 01:01:31,786 - ResourceManager : found velocity/clientes/vistaPreviaDeClientesCargados.vm with loader org.apache.velocity.runtime.resource.loader.ClasspathResourceLoader
2020-09-27 01:01:31,786 - ResourceManager : found velocity/clientes/vistaPreviaDeClientesCargados.vm with loader org.apache.velocity.runtime.resource.loader.ClasspathResourceLoader
2020-09-27 01:01:31,786 - ResourceManager : found velocity/clientes/vistaPreviaDeClientesCargados.vm with loader org.apache.velocity.runtime.resource.loader.ClasspathResourceLoader
2020-09-27 01:01:31,787 - Velocimacro : added VM mainLayout: source=/velocity/barraDeNavegacion.vm
2020-09-27 01:01:31,787 - Velocimacro : added VM mainLayout: source=/velocity/barraDeNavegacion.vm
2020-09-27 01:01:31,787 - Velocimacro : added VM mainLayout: source=/velocity/barraDeNavegacion.vm
2020-09-27 01:01:31,787 - ResourceManager : found /velocity/barraDeNavegacion.vm with loader org.apache.velocity.runtime.resource.loader.ClasspathResourceLoader
2020-09-27 01:01:31,787 - ResourceManager : found /velocity/barraDeNavegacion.vm with loader org.apache.velocity.runtime.resource.loader.ClasspathResourceLoader
2020-09-27 01:01:31,787 - ResourceManager : found /velocity/barraDeNavegacion.vm with loader org.apache.velocity.runtime.resource.loader.ClasspathResourceLoader
2020-09-27 01:01:48,657 - Log4JLogChute initialized using file 'velocity.log'
2020-09-27 01:01:48,658 - Initializing Velocity, Calling init()...
2020-09-27 01:01:48,658 - Starting Apache Velocity v1.7 (compiled: 2010-11-19 12:14:37)
2020-09-27 01:01:48,658 - Default Properties File: org\apache\velocity\runtime\defaults\velocity.properties
2020-09-27 01:01:48,658 - Trying to use logger class org.apache.velocity.runtime.log.AvalonLogChute
2020-09-27 01:01:48,658 - Target log system for org.apache.velocity.runtime.log.AvalonLogChute is not available (java.lang.NoClassDefFoundError: org/apache/log/format/Formatter).  Falling back to next log system...
2020-09-27 01:01:48,658 - Trying to use logger class org.apache.velocity.runtime.log.Log4JLogChute
2020-09-27 01:01:48,658 - Using logger class org.apache.velocity.runtime.log.Log4JLogChute
2020-09-27 01:01:48,660 - ResourceLoader instantiated: org.apache.velocity.runtime.resource.loader.ClasspathResourceLoader
2020-09-27 01:01:48,668 - ResourceCache: initialized (class org.apache.velocity.runtime.resource.ResourceCacheImpl) with class java.util.Collections$SynchronizedMap cache map.
2020-09-27 01:01:48,669 - Loaded System Directive: org.apache.velocity.runtime.directive.Stop
2020-09-27 01:01:48,670 - Loaded System Directive: org.apache.velocity.runtime.directive.Define
2020-09-27 01:01:48,671 - Loaded System Directive: org.apache.velocity.runtime.directive.Break
2020-09-27 01:01:48,671 - Loaded System Directive: org.apache.velocity.runtime.directive.Evaluate
2020-09-27 01:01:48,671 - Loaded System Directive: org.apache.velocity.runtime.directive.Literal
2020-09-27 01:01:48,672 - Loaded System Directive: org.apache.velocity.runtime.directive.Macro
2020-09-27 01:01:48,673 - Loaded System Directive: org.apache.velocity.runtime.directive.Parse
2020-09-27 01:01:48,674 - Loaded System Directive: org.apache.velocity.runtime.directive.Include
2020-09-27 01:01:48,675 - Loaded System Directive: org.apache.velocity.runtime.directive.Foreach
2020-09-27 01:01:48,697 - Created '20' parsers.
2020-09-27 01:01:48,700 - Velocimacro : "velocimacro.library" is not set.  Trying default library: VM_global_library.vm
2020-09-27 01:01:48,700 - Could not load resource 'VM_global_library.vm' from ResourceLoader org.apache.velocity.runtime.resource.loader.ClasspathResourceLoader: ClasspathResourceLoader Error: cannot find resource VM_global_library.vm
2020-09-27 01:01:48,700 - Velocimacro : Default library not found.
2020-09-27 01:01:48,700 - Velocimacro : allowInline = true : VMs can be defined inline in templates
2020-09-27 01:01:48,700 - Velocimacro : allowInlineToOverride = false : VMs defined inline may NOT replace previous VM definitions
2020-09-27 01:01:48,700 - Velocimacro : allowInlineLocal = false : VMs defined inline will be global in scope if allowed.
2020-09-27 01:01:48,700 - Velocimacro : autoload off : VM system will not automatically reload global library macros
2020-09-27 01:01:48,709 - ResourceManager : found velocity/clientes/vistaPreviaDeClientesCargados.vm with loader org.apache.velocity.runtime.resource.loader.ClasspathResourceLoader
2020-09-27 01:01:48,711 - Velocimacro : added VM mainLayout: source=/velocity/barraDeNavegacion.vm
2020-09-27 01:01:48,711 - ResourceManager : found /velocity/barraDeNavegacion.vm with loader org.apache.velocity.runtime.resource.loader.ClasspathResourceLoader
2020-09-27 01:01:54,599 - Log4JLogChute initialized using file 'velocity.log'
2020-09-27 01:01:54,599 - Log4JLogChute initialized using file 'velocity.log'
2020-09-27 01:01:54,599 - Initializing Velocity, Calling init()...
2020-09-27 01:01:54,599 - Initializing Velocity, Calling init()...
2020-09-27 01:01:54,599 - Starting Apache Velocity v1.7 (compiled: 2010-11-19 12:14:37)
2020-09-27 01:01:54,599 - Starting Apache Velocity v1.7 (compiled: 2010-11-19 12:14:37)
2020-09-27 01:01:54,600 - Default Properties File: org\apache\velocity\runtime\defaults\velocity.properties
2020-09-27 01:01:54,600 - Default Properties File: org\apache\velocity\runtime\defaults\velocity.properties
2020-09-27 01:01:54,600 - Trying to use logger class org.apache.velocity.runtime.log.AvalonLogChute
2020-09-27 01:01:54,600 - Trying to use logger class org.apache.velocity.runtime.log.AvalonLogChute
2020-09-27 01:01:54,600 - Target log system for org.apache.velocity.runtime.log.AvalonLogChute is not available (java.lang.NoClassDefFoundError: org/apache/log/format/Formatter).  Falling back to next log system...
2020-09-27 01:01:54,600 - Target log system for org.apache.velocity.runtime.log.AvalonLogChute is not available (java.lang.NoClassDefFoundError: org/apache/log/format/Formatter).  Falling back to next log system...
2020-09-27 01:01:54,600 - Trying to use logger class org.apache.velocity.runtime.log.Log4JLogChute
2020-09-27 01:01:54,600 - Trying to use logger class org.apache.velocity.runtime.log.Log4JLogChute
2020-09-27 01:01:54,600 - Using logger class org.apache.velocity.runtime.log.Log4JLogChute
2020-09-27 01:01:54,600 - Using logger class org.apache.velocity.runtime.log.Log4JLogChute
2020-09-27 01:01:54,600 - ResourceLoader instantiated: org.apache.velocity.runtime.resource.loader.ClasspathResourceLoader
2020-09-27 01:01:54,600 - ResourceLoader instantiated: org.apache.velocity.runtime.resource.loader.ClasspathResourceLoader
2020-09-27 01:01:54,600 - ResourceCache: initialized (class org.apache.velocity.runtime.resource.ResourceCacheImpl) with class java.util.Collections$SynchronizedMap cache map.
2020-09-27 01:01:54,600 - ResourceCache: initialized (class org.apache.velocity.runtime.resource.ResourceCacheImpl) with class java.util.Collections$SynchronizedMap cache map.
2020-09-27 01:01:54,600 - Loaded System Directive: org.apache.velocity.runtime.directive.Stop
2020-09-27 01:01:54,600 - Loaded System Directive: org.apache.velocity.runtime.directive.Stop
2020-09-27 01:01:54,600 - Loaded System Directive: org.apache.velocity.runtime.directive.Define
2020-09-27 01:01:54,600 - Loaded System Directive: org.apache.velocity.runtime.directive.Define
2020-09-27 01:01:54,600 - Loaded System Directive: org.apache.velocity.runtime.directive.Break
2020-09-27 01:01:54,600 - Loaded System Directive: org.apache.velocity.runtime.directive.Break
2020-09-27 01:01:54,600 - Loaded System Directive: org.apache.velocity.runtime.directive.Evaluate
2020-09-27 01:01:54,600 - Loaded System Directive: org.apache.velocity.runtime.directive.Evaluate
2020-09-27 01:01:54,600 - Loaded System Directive: org.apache.velocity.runtime.directive.Literal
2020-09-27 01:01:54,600 - Loaded System Directive: org.apache.velocity.runtime.directive.Literal
2020-09-27 01:01:54,600 - Loaded System Directive: org.apache.velocity.runtime.directive.Macro
2020-09-27 01:01:54,600 - Loaded System Directive: org.apache.velocity.runtime.directive.Macro
2020-09-27 01:01:54,600 - Loaded System Directive: org.apache.velocity.runtime.directive.Parse
2020-09-27 01:01:54,600 - Loaded System Directive: org.apache.velocity.runtime.directive.Parse
2020-09-27 01:01:54,601 - Loaded System Directive: org.apache.velocity.runtime.directive.Include
2020-09-27 01:01:54,601 - Loaded System Directive: org.apache.velocity.runtime.directive.Include
2020-09-27 01:01:54,601 - Loaded System Directive: org.apache.velocity.runtime.directive.Foreach
2020-09-27 01:01:54,601 - Loaded System Directive: org.apache.velocity.runtime.directive.Foreach
2020-09-27 01:01:54,601 - Created '20' parsers.
2020-09-27 01:01:54,601 - Created '20' parsers.
2020-09-27 01:01:54,601 - Velocimacro : "velocimacro.library" is not set.  Trying default library: VM_global_library.vm
2020-09-27 01:01:54,601 - Velocimacro : "velocimacro.library" is not set.  Trying default library: VM_global_library.vm
2020-09-27 01:01:54,601 - Could not load resource 'VM_global_library.vm' from ResourceLoader org.apache.velocity.runtime.resource.loader.ClasspathResourceLoader: ClasspathResourceLoader Error: cannot find resource VM_global_library.vm
2020-09-27 01:01:54,601 - Could not load resource 'VM_global_library.vm' from ResourceLoader org.apache.velocity.runtime.resource.loader.ClasspathResourceLoader: ClasspathResourceLoader Error: cannot find resource VM_global_library.vm
2020-09-27 01:01:54,601 - Velocimacro : Default library not found.
2020-09-27 01:01:54,601 - Velocimacro : Default library not found.
2020-09-27 01:01:54,601 - Velocimacro : allowInline = true : VMs can be defined inline in templates
2020-09-27 01:01:54,601 - Velocimacro : allowInline = true : VMs can be defined inline in templates
2020-09-27 01:01:54,601 - Velocimacro : allowInlineToOverride = false : VMs defined inline may NOT replace previous VM definitions
2020-09-27 01:01:54,601 - Velocimacro : allowInlineToOverride = false : VMs defined inline may NOT replace previous VM definitions
2020-09-27 01:01:54,601 - Velocimacro : allowInlineLocal = false : VMs defined inline will be global in scope if allowed.
2020-09-27 01:01:54,601 - Velocimacro : allowInlineLocal = false : VMs defined inline will be global in scope if allowed.
2020-09-27 01:01:54,601 - Velocimacro : autoload off : VM system will not automatically reload global library macros
2020-09-27 01:01:54,601 - Velocimacro : autoload off : VM system will not automatically reload global library macros
2020-09-27 01:01:54,602 - ResourceManager : found velocity/clientes/vistaPreviaDeClientesCargados.vm with loader org.apache.velocity.runtime.resource.loader.ClasspathResourceLoader
2020-09-27 01:01:54,602 - ResourceManager : found velocity/clientes/vistaPreviaDeClientesCargados.vm with loader org.apache.velocity.runtime.resource.loader.ClasspathResourceLoader
2020-09-27 01:01:54,603 - Velocimacro : added VM mainLayout: source=/velocity/barraDeNavegacion.vm
2020-09-27 01:01:54,603 - Velocimacro : added VM mainLayout: source=/velocity/barraDeNavegacion.vm
2020-09-27 01:01:54,603 - ResourceManager : found /velocity/barraDeNavegacion.vm with loader org.apache.velocity.runtime.resource.loader.ClasspathResourceLoader
2020-09-27 01:01:54,603 - ResourceManager : found /velocity/barraDeNavegacion.vm with loader org.apache.velocity.runtime.resource.loader.ClasspathResourceLoader
